[PROGRAM]
  |
  +---->[DEF int x]--->[INT,0]
  |
  +---->[DEF FUN loopIncrX(INTEGER cnt)=>VOID]
  |     |   
  |     +-->IF
  |         |
  |         +--->[INT,> ]------->[INT,cnt]
  |         |        |
  |         |        +---------->[INT,0]
  |         |
  |         THEN
  |         |
  |         +--->[DEF int x]--->[INT,+ ]------->[INT,x]
  |         |                       |
  |         |                       +---------->[INT,1]
  |         |
  |         +--->[CALL VOID loopIncrX]------->[INT,- ]------->[INT,cnt]
  |         |                                     |
  |         |                                     +---------->[INT,1]
  |         |
  |         FI
  |
  +---->[DEF FUN gcd(INTEGER a, INTEGER b)=>INT]
  |     |   
  |     +-->IF
  |         |
  |         +--->[INT,==]------->[INT,a]
  |         |        |
  |         |        +---------->[INT,0]
  |         |
  |         THEN
  |         |
  |         +--->[RETURN]--->[INT,b]
  |         |
  |         ELSE
  |         |
  |         +--->[RETURN]--->[CALL INT gcd]------->[INT,% ]------->[INT,b]
  |         |                       |                  |
  |         |                       |                  +---------->[INT,a]
  |         |                       |
  |         |                       +------------->[INT,a]
  |         |
  |         FI
  |
  +---->[DEF str z]--->[STR,"abacaba"]
  |
  +---->[DEF FUN doNothing()=>VOID]
  |
  +---->[DEF int y]--->[INT,==]------->[STR,z]
  |                        |
  |                        +---------->[STR,* ]------->[INT,x]
  |                                        |
  |                                        +---------->[STR,"a"]
  |
  +---->[CALL VOID loopIncrX]------->[INT,30]
  |
  +---->[DEF int a]--->[CALL INT gcd]------->[INT,x]
  |                           |
  |                           +------------->[INT,y]
  |
  +---->[CALL VOID doNothing]
