[PROGRAM]
  |
  +---->[DEF int x]--->[INT,2]
  |
  +---->[DEF FUN mod()=>INT]
  |     |   
  |     +-->IF
  |         |
  |         +--->[INT,>=]------->[INT,x]
  |         |        |
  |         |        +---------->[INT,0]
  |         |
  |         THEN
  |         |
  |         +--->[RETURN]--->[INT,x]
  |         |
  |         ELSE
  |         |
  |         +--->[RETURN]--->[INT,- ]------->[INT,0]
  |         |                    |
  |         |                    +---------->[INT,x]
  |         |
  |         FI
  |
  +---->[DEF FUN h(STRING s)=>STR]
  |     |   
  |     +-->[RETURN]--->[STR,* ]------->[STR,s]
  |                         |
  |                         +---------->[CALL INT mod]
  |
  +---->[DEF str s]--->[CALL STR h]------->[STR,"abacaba"]
  |
  +---->[DEF str s]--->[STR,* ]------->[STR,s]
                           |
                           +---------->[INT,+ ]------->[INT,7]
                                           |
                                           +---------->[INT,% ]------->[INT,7]
                                                           |
                                                           +---------->[INT,4]
